Determining if the pthread_create exist failed with the following output:
Change Dir: /home/vagrant/SealPIR/CMakeFiles/CMakeTmp

Run Build Command(s):/usr/bin/make cmTC_307ec/fast 
/usr/bin/make -f CMakeFiles/cmTC_307ec.dir/build.make CMakeFiles/cmTC_307ec.dir/build
make[1]: Entering directory '/home/vagrant/SealPIR/CMakeFiles/CMakeTmp'
Building CXX object CMakeFiles/cmTC_307ec.dir/CheckSymbolExists.cxx.o
/usr/bin/c++     -o CMakeFiles/cmTC_307ec.dir/CheckSymbolExists.cxx.o -c /home/vagrant/SealPIR/CMakeFiles/CMakeTmp/CheckSymbolExists.cxx
Linking CXX executable cmTC_307ec
/usr/local/bin/cmake -E cmake_link_script CMakeFiles/cmTC_307ec.dir/link.txt --verbose=1
/usr/bin/c++       CMakeFiles/cmTC_307ec.dir/CheckSymbolExists.cxx.o  -o cmTC_307ec 
CMakeFiles/cmTC_307ec.dir/CheckSymbolExists.cxx.o: In function `main':
CheckSymbolExists.cxx:(.text+0x16): undefined reference to `pthread_create'
collect2: error: ld returned 1 exit status
CMakeFiles/cmTC_307ec.dir/build.make:86: recipe for target 'cmTC_307ec' failed
make[1]: *** [cmTC_307ec] Error 1
make[1]: Leaving directory '/home/vagrant/SealPIR/CMakeFiles/CMakeTmp'
Makefile:121: recipe for target 'cmTC_307ec/fast' failed
make: *** [cmTC_307ec/fast] Error 2

File /home/vagrant/SealPIR/CMakeFiles/CMakeTmp/CheckSymbolExists.cxx:
/* */
#include <pthread.h>

int main(int argc, char** argv)
{
  (void)argv;
#ifndef pthread_create
  return ((int*)(&pthread_create))[argc];
#else
  (void)argc;
  return 0;
#endif
}

